Release 14.7 - xst P.20131013 (nt64)
Copyright (c) 1995-2013 Xilinx, Inc.  All rights reserved.
--> Parameter TMPDIR set to xst/projnav.tmp


Total REAL time to Xst completion: 0.00 secs
Total CPU time to Xst completion: 0.17 secs
 
--> Parameter xsthdpdir set to xst


Total REAL time to Xst completion: 0.00 secs
Total CPU time to Xst completion: 0.17 secs
 
--> Reading design: ArithStruct.prj

TABLE OF CONTENTS
  1) Synthesis Options Summary
  2) HDL Compilation
  3) Design Hierarchy Analysis
  4) HDL Analysis
  5) HDL Synthesis
     5.1) HDL Synthesis Report
  6) Advanced HDL Synthesis
     6.1) Advanced HDL Synthesis Report
  7) Low Level Synthesis
  8) Partition Report
  9) Final Report
	9.1) Device utilization summary
	9.2) Partition Resource Summary
	9.3) TIMING REPORT


=========================================================================
*                      Synthesis Options Summary                        *
=========================================================================
---- Source Parameters
Input File Name                    : "ArithStruct.prj"
Input Format                       : mixed
Ignore Synthesis Constraint File   : NO

---- Target Parameters
Output File Name                   : "ArithStruct"
Output Format                      : NGC
Target Device                      : xc3s1500-4-fg676

---- Source Options
Top Module Name                    : ArithStruct
Automatic FSM Extraction           : YES
FSM Encoding Algorithm             : Auto
Safe Implementation                : No
FSM Style                          : LUT
RAM Extraction                     : Yes
RAM Style                          : Auto
ROM Extraction                     : Yes
Mux Style                          : Auto
Decoder Extraction                 : YES
Priority Encoder Extraction        : Yes
Shift Register Extraction          : YES
Logical Shifter Extraction         : YES
XOR Collapsing                     : YES
ROM Style                          : Auto
Mux Extraction                     : Yes
Resource Sharing                   : YES
Asynchronous To Synchronous        : NO
Multiplier Style                   : Auto
Automatic Register Balancing       : No

---- Target Options
Add IO Buffers                     : YES
Global Maximum Fanout              : 100000
Add Generic Clock Buffer(BUFG)     : 8
Register Duplication               : YES
Slice Packing                      : YES
Optimize Instantiated Primitives   : NO
Use Clock Enable                   : Yes
Use Synchronous Set                : Yes
Use Synchronous Reset              : Yes
Pack IO Registers into IOBs        : Auto
Equivalent register Removal        : YES

---- General Options
Optimization Goal                  : Speed
Optimization Effort                : 1
Keep Hierarchy                     : No
Netlist Hierarchy                  : As_Optimized
RTL Output                         : Yes
Global Optimization                : AllClockNets
Read Cores                         : YES
Write Timing Constraints           : NO
Cross Clock Analysis               : NO
Hierarchy Separator                : /
Bus Delimiter                      : <>
Case Specifier                     : Maintain
Slice Utilization Ratio            : 100
BRAM Utilization Ratio             : 100
Verilog 2001                       : YES
Auto BRAM Packing                  : NO
Slice Utilization Ratio Delta      : 5

=========================================================================


=========================================================================
*                          HDL Compilation                              *
=========================================================================
Compiling vhdl file "C:/Users/J/Desktop/vhdl vezba/sesta lab/ArithStruct/clock_divider.vhd" in Library work.
Architecture behavioral of Entity clock_divider is up to date.
Compiling vhdl file "C:/Users/J/Desktop/vhdl vezba/sesta lab/ArithStruct/register3bit.vhd" in Library work.
Architecture behavioral of Entity register3bit is up to date.
Compiling vhdl file "C:/Users/J/Desktop/vhdl vezba/sesta lab/ArithStruct/adder3bit.vhd" in Library work.
Architecture behavioral of Entity adder3bit is up to date.
Compiling vhdl file "C:/Users/J/Desktop/vhdl vezba/sesta lab/ArithStruct/shifterLeft.vhd" in Library work.
Architecture behavioral of Entity shifterleft is up to date.
Compiling vhdl file "C:/Users/J/Desktop/vhdl vezba/sesta lab/ArithStruct/comparator.vhd" in Library work.
Architecture behavioral of Entity comparator is up to date.
Compiling vhdl file "C:/Users/J/Desktop/vhdl vezba/sesta lab/ArithStruct/ArithStruct.vhd" in Library work.
Architecture behavioral of Entity arithstruct is up to date.

=========================================================================
*                     Design Hierarchy Analysis                         *
=========================================================================
Analyzing hierarchy for entity <ArithStruct> in library <work> (architecture <behavioral>).

Analyzing hierarchy for entity <clock_divider> in library <work> (architecture <behavioral>).

Analyzing hierarchy for entity <register3bit> in library <work> (architecture <behavioral>).

Analyzing hierarchy for entity <adder3bit> in library <work> (architecture <behavioral>).

Analyzing hierarchy for entity <shifterLeft> in library <work> (architecture <behavioral>).

Analyzing hierarchy for entity <comparator> in library <work> (architecture <behavioral>).


=========================================================================
*                            HDL Analysis                               *
=========================================================================
Analyzing Entity <ArithStruct> in library <work> (Architecture <behavioral>).
Entity <ArithStruct> analyzed. Unit <ArithStruct> generated.

Analyzing Entity <clock_divider> in library <work> (Architecture <behavioral>).
Entity <clock_divider> analyzed. Unit <clock_divider> generated.

Analyzing Entity <register3bit> in library <work> (Architecture <behavioral>).
Entity <register3bit> analyzed. Unit <register3bit> generated.

Analyzing Entity <adder3bit> in library <work> (Architecture <behavioral>).
Entity <adder3bit> analyzed. Unit <adder3bit> generated.

Analyzing Entity <shifterLeft> in library <work> (Architecture <behavioral>).
WARNING:Xst:819 - "C:/Users/J/Desktop/vhdl vezba/sesta lab/ArithStruct/shifterLeft.vhd" line 40: One or more signals are missing in the process sensitivity list. To enable synthesis of FPGA/CPLD hardware, XST will assume that all necessary signals are present in the sensitivity list. Please note that the result of the synthesis may differ from the initial design specification. The missing signals are:
   <iA>
Entity <shifterLeft> analyzed. Unit <shifterLeft> generated.

Analyzing Entity <comparator> in library <work> (Architecture <behavioral>).
Entity <comparator> analyzed. Unit <comparator> generated.


=========================================================================
*                           HDL Synthesis                               *
=========================================================================

Performing bidirectional port resolution...

Synthesizing Unit <clock_divider>.
    Related source file is "C:/Users/J/Desktop/vhdl vezba/sesta lab/ArithStruct/clock_divider.vhd".
    Found 32-bit up counter for signal <counter>.
    Found 1-bit register for signal <slow_clk>.
    Summary:
	inferred   1 Counter(s).
	inferred   1 D-type flip-flop(s).
Unit <clock_divider> synthesized.


Synthesizing Unit <register3bit>.
    Related source file is "C:/Users/J/Desktop/vhdl vezba/sesta lab/ArithStruct/register3bit.vhd".
    Found 3-bit register for signal <output>.
    Summary:
	inferred   3 D-type flip-flop(s).
Unit <register3bit> synthesized.


Synthesizing Unit <adder3bit>.
    Related source file is "C:/Users/J/Desktop/vhdl vezba/sesta lab/ArithStruct/adder3bit.vhd".
    Found 4-bit adder for signal <s$add0000> created at line 46.
    Summary:
	inferred   1 Adder/Subtractor(s).
Unit <adder3bit> synthesized.


Synthesizing Unit <shifterLeft>.
    Related source file is "C:/Users/J/Desktop/vhdl vezba/sesta lab/ArithStruct/shifterLeft.vhd".
WARNING:Xst:647 - Input <iA<2>> is never used. This port will be preserved and left unconnected if it belongs to a top-level block or it belongs to a sub-block and the hierarchy of this sub-block is preserved.
WARNING:Xst:737 - Found 3-bit latch for signal <oB>. Latches may be generated from incomplete case or if statements. We do not recommend the use of latches in FPGA/CPLD designs, as they may lead to timing problems.
Unit <shifterLeft> synthesized.


Synthesizing Unit <comparator>.
    Related source file is "C:/Users/J/Desktop/vhdl vezba/sesta lab/ArithStruct/comparator.vhd".
    Found 3-bit comparator greater for signal <oREZ$cmp_gt0000> created at line 41.
    Found 3-bit comparator less for signal <oREZ$cmp_lt0000> created at line 42.
    Summary:
	inferred   2 Comparator(s).
Unit <comparator> synthesized.


Synthesizing Unit <ArithStruct>.
    Related source file is "C:/Users/J/Desktop/vhdl vezba/sesta lab/ArithStruct/ArithStruct.vhd".
WARNING:Xst:653 - Signal <cmpIn> is used but never assigned. This sourceless signal will be automatically connected to value 100.
Unit <ArithStruct> synthesized.


=========================================================================
HDL Synthesis Report

Macro Statistics
# Adders/Subtractors                                   : 1
 4-bit adder                                           : 1
# Counters                                             : 1
 32-bit up counter                                     : 1
# Registers                                            : 3
 1-bit register                                        : 1
 3-bit register                                        : 2
# Latches                                              : 1
 3-bit latch                                           : 1
# Comparators                                          : 2
 3-bit comparator greater                              : 1
 3-bit comparator less                                 : 1

=========================================================================

=========================================================================
*                       Advanced HDL Synthesis                          *
=========================================================================

WARNING:Xst:1710 - FF/Latch <0> (without init value) has a constant value of 0 in block <0>. This FF/Latch will be trimmed during the optimization process.

=========================================================================
Advanced HDL Synthesis Report

Macro Statistics
# Adders/Subtractors                                   : 1
 4-bit adder                                           : 1
# Counters                                             : 1
 32-bit up counter                                     : 1
# Registers                                            : 7
 Flip-Flops                                            : 7
# Latches                                              : 1
 3-bit latch                                           : 1
# Comparators                                          : 2
 3-bit comparator greater                              : 1
 3-bit comparator less                                 : 1

=========================================================================

=========================================================================
*                         Low Level Synthesis                           *
=========================================================================
WARNING:Xst:1710 - FF/Latch <shifter/oB_0> (without init value) has a constant value of 0 in block <ArithStruct>. This FF/Latch will be trimmed during the optimization process.

Optimizing unit <ArithStruct> ...

Mapping all equations...
Building and optimizing final netlist ...
Found area constraint ratio of 100 (+ 5) on block ArithStruct, actual ratio is 0.

Final Macro Processing ...

=========================================================================
Final Register Report

Macro Statistics
# Registers                                            : 39
 Flip-Flops                                            : 39

=========================================================================

=========================================================================
*                           Partition Report                            *
=========================================================================

Partition Implementation Status
-------------------------------

  No Partitions were found in this design.

-------------------------------

=========================================================================
*                            Final Report                               *
=========================================================================
Final Results
RTL Top Level Output File Name     : ArithStruct.ngr
Top Level Output File Name         : ArithStruct
Output Format                      : NGC
Optimization Goal                  : Speed
Keep Hierarchy                     : No

Design Statistics
# IOs                              : 12

Cell Usage :
# BELS                             : 121
#      GND                         : 1
#      INV                         : 3
#      LUT1                        : 31
#      LUT2                        : 3
#      LUT3                        : 1
#      LUT4                        : 10
#      MUXCY                       : 39
#      VCC                         : 1
#      XORCY                       : 32
# FlipFlops/Latches                : 41
#      FDE                         : 7
#      FDR                         : 32
#      LD                          : 2
# Clock Buffers                    : 2
#      BUFG                        : 1
#      BUFGP                       : 1
# IO Buffers                       : 11
#      IBUF                        : 7
#      OBUF                        : 4
=========================================================================

Device utilization summary:
---------------------------

Selected Device : 3s1500fg676-4 

 Number of Slices:                       26  out of  13312     0%  
 Number of Slice Flip Flops:             35  out of  26624     0%  
 Number of 4 input LUTs:                 48  out of  26624     0%  
 Number of IOs:                          12
 Number of bonded IOBs:                  12  out of    487     2%  
    IOB Flip Flops:                       6
 Number of GCLKs:                         2  out of      8    25%  

---------------------------
Partition Resource Summary:
---------------------------

  No Partitions were found in this design.

---------------------------


=========================================================================
TIMING REPORT

NOTE: THESE TIMING NUMBERS ARE ONLY A SYNTHESIS ESTIMATE.
      FOR ACCURATE TIMING INFORMATION PLEASE REFER TO THE TRACE REPORT
      GENERATED AFTER PLACE-and-ROUTE.

Clock Information:
------------------
-----------------------------------+------------------------+-------+
Clock Signal                       | Clock buffer(FF name)  | Load  |
-----------------------------------+------------------------+-------+
iCLK                               | BUFGP                  | 33    |
clock/slow_clk                     | NONE(reg2/output_2)    | 6     |
iEN                                | IBUF+BUFG              | 2     |
-----------------------------------+------------------------+-------+
INFO:Xst:2169 - HDL ADVISOR - Some clock signals were not automatically buffered by XST with BUFG/BUFR resources. Please use the buffer_type constraint in order to insert these buffers to the clock signals to help prevent skew problems.

Asynchronous Control Signals Information:
----------------------------------------
No asynchronous control signals found in this design

Timing Summary:
---------------
Speed Grade: -4

   Minimum period: 6.537ns (Maximum Frequency: 152.979MHz)
   Minimum input arrival time before clock: 2.489ns
   Maximum output required time after clock: 10.352ns
   Maximum combinational path delay: No path found

Timing Detail:
--------------
All values displayed in nanoseconds (ns)

=========================================================================
Timing constraint: Default period analysis for Clock 'iCLK'
  Clock period: 6.537ns (frequency: 152.979MHz)
  Total number of paths / destination ports: 1585 / 66
-------------------------------------------------------------------------
Delay:               6.537ns (Levels of Logic = 9)
  Source:            clock/counter_8 (FF)
  Destination:       clock/counter_0 (FF)
  Source Clock:      iCLK rising
  Destination Clock: iCLK rising

  Data Path: clock/counter_8 to clock/counter_0
                                Gate     Net
    Cell:in->out      fanout   Delay   Delay  Logical Name (Net Name)
    ----------------------------------------  ------------
     FDR:C->Q              2   0.720   1.216  clock/counter_8 (clock/counter_8)
     LUT4:I0->O            1   0.551   0.000  clock/slow_clk_cmp_eq0000_wg_lut<0> (clock/slow_clk_cmp_eq0000_wg_lut<0>)
     MUXCY:S->O            1   0.500   0.000  clock/slow_clk_cmp_eq0000_wg_cy<0> (clock/slow_clk_cmp_eq0000_wg_cy<0>)
     MUXCY:CI->O           1   0.064   0.000  clock/slow_clk_cmp_eq0000_wg_cy<1> (clock/slow_clk_cmp_eq0000_wg_cy<1>)
     MUXCY:CI->O           1   0.064   0.000  clock/slow_clk_cmp_eq0000_wg_cy<2> (clock/slow_clk_cmp_eq0000_wg_cy<2>)
     MUXCY:CI->O           1   0.064   0.000  clock/slow_clk_cmp_eq0000_wg_cy<3> (clock/slow_clk_cmp_eq0000_wg_cy<3>)
     MUXCY:CI->O           1   0.064   0.000  clock/slow_clk_cmp_eq0000_wg_cy<4> (clock/slow_clk_cmp_eq0000_wg_cy<4>)
     MUXCY:CI->O           1   0.064   0.000  clock/slow_clk_cmp_eq0000_wg_cy<5> (clock/slow_clk_cmp_eq0000_wg_cy<5>)
     MUXCY:CI->O           1   0.064   0.000  clock/slow_clk_cmp_eq0000_wg_cy<6> (clock/slow_clk_cmp_eq0000_wg_cy<6>)
     MUXCY:CI->O          33   0.281   1.859  clock/slow_clk_cmp_eq0000_wg_cy<7> (clock/slow_clk_cmp_eq0000)
     FDR:R                     1.026          clock/counter_0
    ----------------------------------------
    Total                      6.537ns (3.462ns logic, 3.075ns route)
                                       (53.0% logic, 47.0% route)

=========================================================================
Timing constraint: Default OFFSET IN BEFORE for Clock 'clock/slow_clk'
  Total number of paths / destination ports: 12 / 12
-------------------------------------------------------------------------
Offset:              2.489ns (Levels of Logic = 1)
  Source:            iEN (PAD)
  Destination:       reg2/output_2 (FF)
  Destination Clock: clock/slow_clk rising

  Data Path: iEN to reg2/output_2
                                Gate     Net
    Cell:in->out      fanout   Delay   Delay  Logical Name (Net Name)
    ----------------------------------------  ------------
     IBUF:I->O             7   0.821   1.066  iEN_IBUF (iEN_IBUF1)
     FDE:CE                    0.602          reg2/output_0
    ----------------------------------------
    Total                      2.489ns (1.423ns logic, 1.066ns route)
                                       (57.2% logic, 42.8% route)

=========================================================================
Timing constraint: Default OFFSET OUT AFTER for Clock 'clock/slow_clk'
  Total number of paths / destination ports: 6 / 1
-------------------------------------------------------------------------
Offset:              10.352ns (Levels of Logic = 3)
  Source:            reg1/output_1 (FF)
  Destination:       oCarry (PAD)
  Source Clock:      clock/slow_clk rising

  Data Path: reg1/output_1 to oCarry
                                Gate     Net
    Cell:in->out      fanout   Delay   Delay  Logical Name (Net Name)
    ----------------------------------------  ------------
     FDE:C->Q              2   0.720   1.216  reg1/output_1 (reg1/output_1)
     LUT4:I0->O            1   0.551   0.869  adder/Madd_s_add0000_cy<2>1_SW0 (N01)
     LUT3:I2->O            1   0.551   0.801  adder/Madd_s_add0000_cy<2>1 (adder/Madd_s_add0000_cy<2>)
     OBUF:I->O                 5.644          oCarry_OBUF (oCarry)
    ----------------------------------------
    Total                     10.352ns (7.466ns logic, 2.886ns route)
                                       (72.1% logic, 27.9% route)

=========================================================================
Timing constraint: Default OFFSET OUT AFTER for Clock 'iEN'
  Total number of paths / destination ports: 5 / 3
-------------------------------------------------------------------------
Offset:              8.875ns (Levels of Logic = 2)
  Source:            shifter/oB_2 (LATCH)
  Destination:       orez<2> (PAD)
  Source Clock:      iEN falling

  Data Path: shifter/oB_2 to orez<2>
                                Gate     Net
    Cell:in->out      fanout   Delay   Delay  Logical Name (Net Name)
    ----------------------------------------  ------------
     LD:G->Q               3   0.633   1.246  shifter/oB_2 (shifter/oB_2)
     LUT2:I0->O            1   0.551   0.801  orez<2>1 (orez_2_OBUF)
     OBUF:I->O                 5.644          orez_2_OBUF (orez<2>)
    ----------------------------------------
    Total                      8.875ns (6.828ns logic, 2.047ns route)
                                       (76.9% logic, 23.1% route)

=========================================================================


Total REAL time to Xst completion: 8.00 secs
Total CPU time to Xst completion: 8.62 secs
 
--> 

Total memory usage is 4513796 kilobytes

Number of errors   :    0 (   0 filtered)
Number of warnings :    6 (   0 filtered)
Number of infos    :    1 (   0 filtered)

