Command line:
   tb_isim_beh.exe
     -simmode  gui
     -simrunnum  0
     -socket  53244

Fri Jun 28 22:23:42 2024


 Elaboration Time: 0.046875 sec

 Current Memory Usage: 5150.69 Meg

 Total Signals          : 13
 Total Nets             : 7
 Total Signal Drivers   : 6
 Total Blocks           : 3
 Total Primitive Blocks : 2
 Total Processes        : 5
 Total Traceable Variables  : 9
 Total Scalar Nets and Variables : 368
Total Line Count : 25

 Total Simulation Time: 0.203125 sec

 Current Memory Usage: 5150.69 Meg

Fri Jun 28 22:24:06 2024

