Release 14.7 - xst P.20131013 (nt64)
Copyright (c) 1995-2013 Xilinx, Inc.  All rights reserved.
--> Parameter TMPDIR set to xst/projnav.tmp


Total REAL time to Xst completion: 0.00 secs
Total CPU time to Xst completion: 0.22 secs
 
--> Parameter xsthdpdir set to xst


Total REAL time to Xst completion: 0.00 secs
Total CPU time to Xst completion: 0.22 secs
 
--> Reading design: ispit3.prj

TABLE OF CONTENTS
  1) Synthesis Options Summary
  2) HDL Compilation
  3) Design Hierarchy Analysis
  4) HDL Analysis
  5) HDL Synthesis
     5.1) HDL Synthesis Report
  6) Advanced HDL Synthesis
     6.1) Advanced HDL Synthesis Report
  7) Low Level Synthesis
  8) Partition Report
  9) Final Report
	9.1) Device utilization summary
	9.2) Partition Resource Summary
	9.3) TIMING REPORT


=========================================================================
*                      Synthesis Options Summary                        *
=========================================================================
---- Source Parameters
Input File Name                    : "ispit3.prj"
Input Format                       : mixed
Ignore Synthesis Constraint File   : NO

---- Target Parameters
Output File Name                   : "ispit3"
Output Format                      : NGC
Target Device                      : xc3s1500-4-fg676

---- Source Options
Top Module Name                    : ispit3
Automatic FSM Extraction           : YES
FSM Encoding Algorithm             : Auto
Safe Implementation                : No
FSM Style                          : LUT
RAM Extraction                     : Yes
RAM Style                          : Auto
ROM Extraction                     : Yes
Mux Style                          : Auto
Decoder Extraction                 : YES
Priority Encoder Extraction        : Yes
Shift Register Extraction          : YES
Logical Shifter Extraction         : YES
XOR Collapsing                     : YES
ROM Style                          : Auto
Mux Extraction                     : Yes
Resource Sharing                   : YES
Asynchronous To Synchronous        : NO
Multiplier Style                   : Auto
Automatic Register Balancing       : No

---- Target Options
Add IO Buffers                     : YES
Global Maximum Fanout              : 500
Add Generic Clock Buffer(BUFG)     : 8
Register Duplication               : YES
Slice Packing                      : YES
Optimize Instantiated Primitives   : NO
Use Clock Enable                   : Yes
Use Synchronous Set                : Yes
Use Synchronous Reset              : Yes
Pack IO Registers into IOBs        : Auto
Equivalent register Removal        : YES

---- General Options
Optimization Goal                  : Speed
Optimization Effort                : 1
Keep Hierarchy                     : No
Netlist Hierarchy                  : As_Optimized
RTL Output                         : Yes
Global Optimization                : AllClockNets
Read Cores                         : YES
Write Timing Constraints           : NO
Cross Clock Analysis               : NO
Hierarchy Separator                : /
Bus Delimiter                      : <>
Case Specifier                     : Maintain
Slice Utilization Ratio            : 100
BRAM Utilization Ratio             : 100
Verilog 2001                       : YES
Auto BRAM Packing                  : NO
Slice Utilization Ratio Delta      : 5

=========================================================================


=========================================================================
*                          HDL Compilation                              *
=========================================================================
Compiling vhdl file "C:/Users/J/Desktop/vhdl vezba/ispit/ispit3/clock_divider.vhd" in Library work.
Entity <clock_divider> compiled.
Entity <clock_divider> (Architecture <Behavioral>) compiled.
Compiling vhdl file "C:/Users/J/Desktop/vhdl vezba/ispit/ispit3/ispit3.vhd" in Library work.
Entity <ispit3> compiled.
Entity <ispit3> (Architecture <Behavioral>) compiled.

=========================================================================
*                     Design Hierarchy Analysis                         *
=========================================================================
Analyzing hierarchy for entity <ispit3> in library <work> (architecture <Behavioral>).

Analyzing hierarchy for entity <clock_divider> in library <work> (architecture <Behavioral>).


=========================================================================
*                            HDL Analysis                               *
=========================================================================
Analyzing Entity <ispit3> in library <work> (Architecture <Behavioral>).
INFO:Xst:1561 - "C:/Users/J/Desktop/vhdl vezba/ispit/ispit3/ispit3.vhd" line 76: Mux is complete : default of case is discarded
Entity <ispit3> analyzed. Unit <ispit3> generated.

Analyzing Entity <clock_divider> in library <work> (Architecture <Behavioral>).
Entity <clock_divider> analyzed. Unit <clock_divider> generated.


=========================================================================
*                           HDL Synthesis                               *
=========================================================================

Performing bidirectional port resolution...

Synthesizing Unit <clock_divider>.
    Related source file is "C:/Users/J/Desktop/vhdl vezba/ispit/ispit3/clock_divider.vhd".
    Found 32-bit up counter for signal <counter>.
    Found 1-bit register for signal <slow_clk>.
    Summary:
	inferred   1 Counter(s).
	inferred   1 D-type flip-flop(s).
Unit <clock_divider> synthesized.


Synthesizing Unit <ispit3>.
    Related source file is "C:/Users/J/Desktop/vhdl vezba/ispit/ispit3/ispit3.vhd".
    Found 3-bit up counter for signal <counter>.
    Found 3-bit up accumulator for signal <counter2>.
    Found 8-bit register for signal <dioda_active>.
    Summary:
	inferred   1 Counter(s).
	inferred   1 Accumulator(s).
	inferred   8 D-type flip-flop(s).
Unit <ispit3> synthesized.


=========================================================================
HDL Synthesis Report

Macro Statistics
# Counters                                             : 2
 3-bit up counter                                      : 1
 32-bit up counter                                     : 1
# Accumulators                                         : 1
 3-bit up accumulator                                  : 1
# Registers                                            : 2
 1-bit register                                        : 1
 8-bit register                                        : 1

=========================================================================

=========================================================================
*                       Advanced HDL Synthesis                          *
=========================================================================


=========================================================================
Advanced HDL Synthesis Report

Macro Statistics
# Counters                                             : 2
 3-bit up counter                                      : 1
 32-bit up counter                                     : 1
# Accumulators                                         : 1
 3-bit up accumulator                                  : 1
# Registers                                            : 9
 Flip-Flops                                            : 9

=========================================================================

=========================================================================
*                         Low Level Synthesis                           *
=========================================================================
WARNING:Xst:1293 - FF/Latch <counter2_0> has a constant value of 0 in block <ispit3>. This FF/Latch will be trimmed during the optimization process.

Optimizing unit <ispit3> ...

Mapping all equations...
Building and optimizing final netlist ...
Found area constraint ratio of 100 (+ 5) on block ispit3, actual ratio is 0.

Final Macro Processing ...

=========================================================================
Final Register Report

Macro Statistics
# Registers                                            : 46
 Flip-Flops                                            : 46

=========================================================================

=========================================================================
*                           Partition Report                            *
=========================================================================

Partition Implementation Status
-------------------------------

  No Partitions were found in this design.

-------------------------------

=========================================================================
*                            Final Report                               *
=========================================================================
Final Results
RTL Top Level Output File Name     : ispit3.ngr
Top Level Output File Name         : ispit3
Output Format                      : NGC
Optimization Goal                  : Speed
Keep Hierarchy                     : No

Design Statistics
# IOs                              : 19

Cell Usage :
# BELS                             : 138
#      GND                         : 1
#      INV                         : 4
#      LUT1                        : 31
#      LUT2                        : 3
#      LUT3                        : 2
#      LUT4                        : 19
#      LUT4_D                      : 6
#      MUXCY                       : 39
#      VCC                         : 1
#      XORCY                       : 32
# FlipFlops/Latches                : 46
#      FD                          : 8
#      FDE                         : 6
#      FDR                         : 32
# Clock Buffers                    : 1
#      BUFGP                       : 1
# IO Buffers                       : 18
#      IBUF                        : 10
#      OBUF                        : 8
=========================================================================

Device utilization summary:
---------------------------

Selected Device : 3s1500fg676-4 

 Number of Slices:                       32  out of  13312     0%  
 Number of Slice Flip Flops:             46  out of  26624     0%  
 Number of 4 input LUTs:                 65  out of  26624     0%  
 Number of IOs:                          19
 Number of bonded IOBs:                  19  out of    487     3%  
 Number of GCLKs:                         1  out of      8    12%  

---------------------------
Partition Resource Summary:
---------------------------

  No Partitions were found in this design.

---------------------------


=========================================================================
TIMING REPORT

NOTE: THESE TIMING NUMBERS ARE ONLY A SYNTHESIS ESTIMATE.
      FOR ACCURATE TIMING INFORMATION PLEASE REFER TO THE TRACE REPORT
      GENERATED AFTER PLACE-and-ROUTE.

Clock Information:
------------------
-----------------------------------+------------------------+-------+
Clock Signal                       | Clock buffer(FF name)  | Load  |
-----------------------------------+------------------------+-------+
clk_divider/slow_clk               | NONE(dioda_active_0)   | 13    |
clk                                | BUFGP                  | 33    |
-----------------------------------+------------------------+-------+
INFO:Xst:2169 - HDL ADVISOR - Some clock signals were not automatically buffered by XST with BUFG/BUFR resources. Please use the buffer_type constraint in order to insert these buffers to the clock signals to help prevent skew problems.

Asynchronous Control Signals Information:
----------------------------------------
No asynchronous control signals found in this design

Timing Summary:
---------------
Speed Grade: -4

   Minimum period: 6.537ns (Maximum Frequency: 152.979MHz)
   Minimum input arrival time before clock: 8.058ns
   Maximum output required time after clock: 7.165ns
   Maximum combinational path delay: No path found

Timing Detail:
--------------
All values displayed in nanoseconds (ns)

=========================================================================
Timing constraint: Default period analysis for Clock 'clk_divider/slow_clk'
  Clock period: 4.257ns (frequency: 234.907MHz)
  Total number of paths / destination ports: 49 / 13
-------------------------------------------------------------------------
Delay:               4.257ns (Levels of Logic = 2)
  Source:            counter_0 (FF)
  Destination:       dioda_active_6 (FF)
  Source Clock:      clk_divider/slow_clk rising
  Destination Clock: clk_divider/slow_clk rising

  Data Path: counter_0 to dioda_active_6
                                Gate     Net
    Cell:in->out      fanout   Delay   Delay  Logical Name (Net Name)
    ----------------------------------------  ------------
     FDE:C->Q              7   0.720   1.405  counter_0 (counter_0)
     LUT4_D:I0->O          1   0.551   0.827  dioda_active_mux0004<1>11 (N3)
     LUT4:I3->O            1   0.551   0.000  dioda_active_mux0004<1>1 (dioda_active_mux0004<1>)
     FD:D                      0.203          dioda_active_6
    ----------------------------------------
    Total                      4.257ns (2.025ns logic, 2.232ns route)
                                       (47.6% logic, 52.4% route)

=========================================================================
Timing constraint: Default period analysis for Clock 'clk'
  Clock period: 6.537ns (frequency: 152.979MHz)
  Total number of paths / destination ports: 1585 / 66
-------------------------------------------------------------------------
Delay:               6.537ns (Levels of Logic = 9)
  Source:            clk_divider/counter_8 (FF)
  Destination:       clk_divider/counter_0 (FF)
  Source Clock:      clk rising
  Destination Clock: clk rising

  Data Path: clk_divider/counter_8 to clk_divider/counter_0
                                Gate     Net
    Cell:in->out      fanout   Delay   Delay  Logical Name (Net Name)
    ----------------------------------------  ------------
     FDR:C->Q              2   0.720   1.216  clk_divider/counter_8 (clk_divider/counter_8)
     LUT4:I0->O            1   0.551   0.000  clk_divider/slow_clk_cmp_eq0000_wg_lut<0> (clk_divider/slow_clk_cmp_eq0000_wg_lut<0>)
     MUXCY:S->O            1   0.500   0.000  clk_divider/slow_clk_cmp_eq0000_wg_cy<0> (clk_divider/slow_clk_cmp_eq0000_wg_cy<0>)
     MUXCY:CI->O           1   0.064   0.000  clk_divider/slow_clk_cmp_eq0000_wg_cy<1> (clk_divider/slow_clk_cmp_eq0000_wg_cy<1>)
     MUXCY:CI->O           1   0.064   0.000  clk_divider/slow_clk_cmp_eq0000_wg_cy<2> (clk_divider/slow_clk_cmp_eq0000_wg_cy<2>)
     MUXCY:CI->O           1   0.064   0.000  clk_divider/slow_clk_cmp_eq0000_wg_cy<3> (clk_divider/slow_clk_cmp_eq0000_wg_cy<3>)
     MUXCY:CI->O           1   0.064   0.000  clk_divider/slow_clk_cmp_eq0000_wg_cy<4> (clk_divider/slow_clk_cmp_eq0000_wg_cy<4>)
     MUXCY:CI->O           1   0.064   0.000  clk_divider/slow_clk_cmp_eq0000_wg_cy<5> (clk_divider/slow_clk_cmp_eq0000_wg_cy<5>)
     MUXCY:CI->O           1   0.064   0.000  clk_divider/slow_clk_cmp_eq0000_wg_cy<6> (clk_divider/slow_clk_cmp_eq0000_wg_cy<6>)
     MUXCY:CI->O          33   0.281   1.859  clk_divider/slow_clk_cmp_eq0000_wg_cy<7> (clk_divider/slow_clk_cmp_eq0000)
     FDR:R                     1.026          clk_divider/counter_0
    ----------------------------------------
    Total                      6.537ns (3.462ns logic, 3.075ns route)
                                       (53.0% logic, 47.0% route)

=========================================================================
Timing constraint: Default OFFSET IN BEFORE for Clock 'clk_divider/slow_clk'
  Total number of paths / destination ports: 199 / 13
-------------------------------------------------------------------------
Offset:              8.058ns (Levels of Logic = 5)
  Source:            input<0> (PAD)
  Destination:       dioda_active_5 (FF)
  Destination Clock: clk_divider/slow_clk rising

  Data Path: input<0> to dioda_active_5
                                Gate     Net
    Cell:in->out      fanout   Delay   Delay  Logical Name (Net Name)
    ----------------------------------------  ------------
     IBUF:I->O             1   0.821   1.140  input_0_IBUF (input_0_IBUF)
     LUT4:I0->O            3   0.551   1.246  counter_cmp_eq00004 (counter_cmp_eq00004)
     LUT2:I0->O            6   0.551   1.342  counter_cmp_eq000010 (counter_cmp_eq0000)
     LUT4_D:I0->O          3   0.551   1.102  dioda_active_mux0004<2>11 (N11)
     LUT4:I1->O            1   0.551   0.000  dioda_active_mux0004<2>1 (dioda_active_mux0004<2>)
     FD:D                      0.203          dioda_active_5
    ----------------------------------------
    Total                      8.058ns (3.228ns logic, 4.830ns route)
                                       (40.1% logic, 59.9% route)

=========================================================================
Timing constraint: Default OFFSET OUT AFTER for Clock 'clk_divider/slow_clk'
  Total number of paths / destination ports: 8 / 8
-------------------------------------------------------------------------
Offset:              7.165ns (Levels of Logic = 1)
  Source:            dioda_active_7 (FF)
  Destination:       output<7> (PAD)
  Source Clock:      clk_divider/slow_clk rising

  Data Path: dioda_active_7 to output<7>
                                Gate     Net
    Cell:in->out      fanout   Delay   Delay  Logical Name (Net Name)
    ----------------------------------------  ------------
     FD:C->Q               1   0.720   0.801  dioda_active_7 (dioda_active_7)
     OBUF:I->O                 5.644          output_7_OBUF (output<7>)
    ----------------------------------------
    Total                      7.165ns (6.364ns logic, 0.801ns route)
                                       (88.8% logic, 11.2% route)

=========================================================================


Total REAL time to Xst completion: 10.00 secs
Total CPU time to Xst completion: 9.69 secs
 
--> 

Total memory usage is 4513812 kilobytes

Number of errors   :    0 (   0 filtered)
Number of warnings :    1 (   0 filtered)
Number of infos    :    2 (   0 filtered)

